\BOOKMARK [0][-]{part.1}{I Einleitung}{}% 1
\BOOKMARK [0][-]{part.2}{II Thematischer Vorlesungsbeginn}{}% 2
\BOOKMARK [1][-]{section.1}{Laplace - Modell}{part.2}% 3
\BOOKMARK [2][-]{subsection.1.1}{Definition}{section.1}% 4
\BOOKMARK [1][-]{section.2}{Kombinatorik}{part.2}% 5
\BOOKMARK [2][-]{subsection.2.1}{Definition Karthesisches Produkt}{section.2}% 6
\BOOKMARK [2][-]{subsection.2.2}{Definition Endlichkeit}{section.2}% 7
\BOOKMARK [2][-]{subsection.2.3}{Definition M\344chtigkeit}{section.2}% 8
\BOOKMARK [2][-]{subsection.2.4}{Lemma}{section.2}% 9
\BOOKMARK [2][-]{subsection.2.5}{Satz}{section.2}% 10
\BOOKMARK [2][-]{subsection.2.6}{Binomischer Lehrsatz}{section.2}% 11
\BOOKMARK [1][-]{section.3}{Diskrete Wahrscheinlichkeitsmodelle}{part.2}% 12
\BOOKMARK [2][-]{subsection.3.1}{Definition Abz\344hlbar \046 Unendlich}{section.3}% 13
\BOOKMARK [2][-]{subsection.3.2}{Definition Diskreter W-Raum}{section.3}% 14
\BOOKMARK [2][-]{subsection.3.3}{Definition Ereignisraum}{section.3}% 15
\BOOKMARK [2][-]{subsection.3.4}{Satz \(Begr\374ndung f\374r die Interpretation\)}{section.3}% 16
\BOOKMARK [2][-]{subsection.3.5}{Beispiel Urne}{section.3}% 17
\BOOKMARK [2][-]{subsection.3.6}{Definition Mengen in Funktionen}{section.3}% 18
\BOOKMARK [1][-]{section.4}{Zufallsvariablen}{part.2}% 19
\BOOKMARK [2][-]{subsection.4.1}{Definition Zufallsvariable}{section.4}% 20
\BOOKMARK [2][-]{subsection.4.2}{Theorem}{section.4}% 21
\BOOKMARK [3][-]{subsubsection.4.2.1}{Beispiel Augensumme}{subsection.4.2}% 22
\BOOKMARK [2][-]{subsection.4.3}{Definition Bernoulli-Verteilung}{section.4}% 23
\BOOKMARK [2][-]{subsection.4.4}{Definition Bernoulli-Experiment}{section.4}% 24
\BOOKMARK [2][-]{subsection.4.5}{Definition Indikatorfunktion}{section.4}% 25
\BOOKMARK [3][-]{subsubsection.4.5.1}{Beispiel}{subsection.4.5}% 26
\BOOKMARK [3][-]{subsubsection.4.5.2}{Definition}{subsection.4.5}% 27
\BOOKMARK [2][-]{subsection.4.6}{Definition Gleichverteilte Zufallsvariablen}{section.4}% 28
\BOOKMARK [2][-]{subsection.4.7}{Definition Binomialverteilung}{section.4}% 29
\BOOKMARK [2][-]{subsection.4.8}{Definition}{section.4}% 30
\BOOKMARK [3][-]{subsubsection.4.8.1}{Hypergeometrisch verteilte Zufallsvariablen}{subsection.4.8}% 31
\BOOKMARK [2][-]{subsection.4.9}{Definition Z\344hldichte}{section.4}% 32
\BOOKMARK [2][-]{subsection.4.10}{Definition Geometrische Verteilung}{section.4}% 33
\BOOKMARK [2][-]{subsection.4.11}{Definition Poisson-Verteilung}{section.4}% 34
\BOOKMARK [1][-]{section.5}{Erwartungswerte und Varianz}{part.2}% 35
\BOOKMARK [2][-]{subsection.5.1}{Definition Reelwertigen Zufallsvariable}{section.5}% 36
\BOOKMARK [2][-]{subsection.5.2}{Definition Erwartungswert}{section.5}% 37
\BOOKMARK [2][-]{subsection.5.3}{Theorem}{section.5}% 38
\BOOKMARK [2][-]{subsection.5.4}{Lemma}{section.5}% 39
